<?xml version="1.0" encoding="UTF-8"?>
<!-- Generated by org.testng.reporters.JUnitReportReporter -->
<testsuite hostname="Rasheed" failures="0" tests="1" name="com.dms.runner.TestRunner" time="35.588" errors="0" timestamp="2021-08-06T22:26:31 IST" skipped="0">
  <testcase classname="com.dms.runner.TestRunner" name="feature" time="35.588"/>
  <system-out/>
</testsuite> <!-- com.dms.runner.TestRunner -->
