<?xml version="1.0" encoding="UTF-8"?>
<!-- Generated by org.testng.reporters.JUnitReportReporter -->
<testsuite skipped="0" hostname="sharp" name="com.dms.runner.TestRunner" tests="11" failures="0" timestamp="2021-07-02T15:06:31 IST" time="3.278" errors="0">
  <testcase name="feature" time="1.533" classname="com.dms.runner.TestRunner"/>
  <system-out/>
  <testcase name="feature" time="0.280" classname="com.dms.runner.TestRunner"/>
  <system-out/>
  <testcase name="feature" time="0.112" classname="com.dms.runner.TestRunner"/>
  <system-out/>
  <testcase name="feature" time="0.128" classname="com.dms.runner.TestRunner"/>
  <system-out/>
  <testcase name="feature" time="0.120" classname="com.dms.runner.TestRunner"/>
  <system-out/>
  <testcase name="feature" time="0.080" classname="com.dms.runner.TestRunner"/>
  <system-out/>
  <testcase name="feature" time="0.312" classname="com.dms.runner.TestRunner"/>
  <system-out/>
  <testcase name="feature" time="0.112" classname="com.dms.runner.TestRunner"/>
  <system-out/>
  <testcase name="feature" time="0.286" classname="com.dms.runner.TestRunner"/>
  <system-out/>
  <testcase name="feature" time="0.091" classname="com.dms.runner.TestRunner"/>
  <system-out/>
  <testcase name="feature" time="0.224" classname="com.dms.runner.TestRunner"/>
  <system-out/>
</testsuite> <!-- com.dms.runner.TestRunner -->
