<?xml version="1.0" encoding="UTF-8"?>
<!-- Generated by org.testng.reporters.JUnitReportReporter -->
<testsuite skipped="0" hostname="sharp" name="com.dms.runner.TestRunner" tests="11" failures="0" timestamp="2021-06-28T18:48:01 IST" time="2.046" errors="0">
  <testcase name="feature" time="0.240" classname="com.dms.runner.TestRunner"/>
  <system-out/>
  <testcase name="feature" time="0.047" classname="com.dms.runner.TestRunner"/>
  <system-out/>
  <testcase name="feature" time="0.077" classname="com.dms.runner.TestRunner"/>
  <system-out/>
  <testcase name="feature" time="0.141" classname="com.dms.runner.TestRunner"/>
  <system-out/>
  <testcase name="feature" time="0.266" classname="com.dms.runner.TestRunner"/>
  <system-out/>
  <testcase name="feature" time="0.176" classname="com.dms.runner.TestRunner"/>
  <system-out/>
  <testcase name="feature" time="0.869" classname="com.dms.runner.TestRunner"/>
  <system-out/>
  <testcase name="feature" time="0.056" classname="com.dms.runner.TestRunner"/>
  <system-out/>
  <testcase name="feature" time="0.044" classname="com.dms.runner.TestRunner"/>
  <system-out/>
  <testcase name="feature" time="0.096" classname="com.dms.runner.TestRunner"/>
  <system-out/>
  <testcase name="feature" time="0.034" classname="com.dms.runner.TestRunner"/>
  <system-out/>
</testsuite> <!-- com.dms.runner.TestRunner -->
