<?xml version="1.0" encoding="UTF-8"?>
<!-- Generated by org.testng.reporters.JUnitReportReporter -->
<testsuite skipped="0" hostname="sharp" name="com.dms.runner.TestRunner" tests="11" failures="0" timestamp="2021-07-04T09:29:53 IST" time="2.817" errors="0">
  <testcase name="feature" time="0.336" classname="com.dms.runner.TestRunner"/>
  <system-out/>
  <testcase name="feature" time="0.176" classname="com.dms.runner.TestRunner"/>
  <system-out/>
  <testcase name="feature" time="0.184" classname="com.dms.runner.TestRunner"/>
  <system-out/>
  <testcase name="feature" time="0.024" classname="com.dms.runner.TestRunner"/>
  <system-out/>
  <testcase name="feature" time="0.024" classname="com.dms.runner.TestRunner"/>
  <system-out/>
  <testcase name="feature" time="0.104" classname="com.dms.runner.TestRunner"/>
  <system-out/>
  <testcase name="feature" time="0.072" classname="com.dms.runner.TestRunner"/>
  <system-out/>
  <testcase name="feature" time="0.200" classname="com.dms.runner.TestRunner"/>
  <system-out/>
  <testcase name="feature" time="0.288" classname="com.dms.runner.TestRunner"/>
  <system-out/>
  <testcase name="feature" time="1.329" classname="com.dms.runner.TestRunner"/>
  <system-out/>
  <testcase name="feature" time="0.080" classname="com.dms.runner.TestRunner"/>
  <system-out/>
</testsuite> <!-- com.dms.runner.TestRunner -->
